d:\graphics\studentdormitory\studentdormitory\x64\debug\vc143.pdb
d:\graphics\studentdormitory\studentdormitory\x64\debug\vc143.idb
d:\graphics\studentdormitory\studentdormitory\x64\debug\glad.obj
d:\graphics\studentdormitory\studentdormitory\x64\debug\utils.obj
d:\graphics\studentdormitory\studentdormitory\x64\debug\textures.obj
d:\graphics\studentdormitory\studentdormitory\x64\debug\shaders.obj
d:\graphics\studentdormitory\studentdormitory\x64\debug\scene_tennis.obj
d:\graphics\studentdormitory\studentdormitory\x64\debug\scene_props.obj
d:\graphics\studentdormitory\studentdormitory\x64\debug\scene_ground.obj
d:\graphics\studentdormitory\studentdormitory\x64\debug\scene_football.obj
d:\graphics\studentdormitory\studentdormitory\x64\debug\scene_buildings.obj
d:\graphics\studentdormitory\studentdormitory\x64\debug\scene.obj
d:\graphics\studentdormitory\studentdormitory\x64\debug\main.obj
d:\graphics\studentdormitory\studentdormitory\x64\debug\input.obj
d:\graphics\studentdormitory\studentdormitory\x64\debug\globals.obj
d:\graphics\studentdormitory\studentdormitory\x64\debug\geometry.obj
d:\graphics\studentdormitory\studentdormitory\x64\debug\draw_helpers.obj
d:\graphics\studentdormitory\studentdormitory\x64\debug\studentdormitory.ilk
d:\graphics\studentdormitory\x64\debug\studentdormitory.pdb
d:\graphics\studentdormitory\studentdormitory\x64\debug\studentdormitory.tlog\cl.command.1.tlog
d:\graphics\studentdormitory\studentdormitory\x64\debug\studentdormitory.tlog\cl.items.tlog
d:\graphics\studentdormitory\studentdormitory\x64\debug\studentdormitory.tlog\cl.read.1.tlog
d:\graphics\studentdormitory\studentdormitory\x64\debug\studentdormitory.tlog\cl.write.1.tlog
d:\graphics\studentdormitory\studentdormitory\x64\debug\studentdormitory.tlog\link.8544-cvtres.read.1.tlog
d:\graphics\studentdormitory\studentdormitory\x64\debug\studentdormitory.tlog\link.8544-cvtres.write.1.tlog
d:\graphics\studentdormitory\studentdormitory\x64\debug\studentdormitory.tlog\link.8544-rc.read.1.tlog
d:\graphics\studentdormitory\studentdormitory\x64\debug\studentdormitory.tlog\link.8544-rc.write.1.tlog
d:\graphics\studentdormitory\studentdormitory\x64\debug\studentdormitory.tlog\link.8544.read.1.tlog
d:\graphics\studentdormitory\studentdormitory\x64\debug\studentdormitory.tlog\link.8544.read.2.tlog
d:\graphics\studentdormitory\studentdormitory\x64\debug\studentdormitory.tlog\link.8544.write.1.tlog
d:\graphics\studentdormitory\studentdormitory\x64\debug\studentdormitory.tlog\link.command.1.tlog
d:\graphics\studentdormitory\studentdormitory\x64\debug\studentdormitory.tlog\link.read.1.tlog
d:\graphics\studentdormitory\studentdormitory\x64\debug\studentdormitory.tlog\link.secondary.1.tlog
d:\graphics\studentdormitory\studentdormitory\x64\debug\studentdormitory.tlog\link.write.1.tlog
